<?xml version="1.0" encoding="UTF-8"?>
<testng-results ignored="0" total="1" passed="1" failed="0" skipped="0">
  <reporter-output>
  </reporter-output>
  <suite started-at="2018-09-28T08:55:56Z" name="Default suite" finished-at="2018-09-28T08:55:56Z" duration-ms="70">
    <groups>
    </groups>
    <test started-at="2018-09-28T08:55:56Z" name="Default test" finished-at="2018-09-28T08:55:56Z" duration-ms="70">
      <class name="org.peoplestrong.test.wfm.date">
        <test-method signature="date()[pri:0, instance:org.peoplestrong.test.wfm.date@fa36558]" started-at="2018-09-28T08:55:56Z" name="date" finished-at="2018-09-28T08:55:56Z" duration-ms="54" status="PASS">
          <reporter-output>
          </reporter-output>
        </test-method> <!-- date -->
      </class> <!-- org.peoplestrong.test.wfm.date -->
    </test> <!-- Default test -->
  </suite> <!-- Default suite -->
</testng-results>
